<?xml version="1.0" encoding="UTF-8"?>
<robot generator="Robot 6.0.2 (Python 3.11.0 on win32)" generated="20230410 17:32:04.077" rpa="false" schemaversion="3">
<suite id="s1" name="TMS" source="C:\Users\Admin\Desktop\Robot TMS\TMS.robot">
<test id="s1-t1" name="เปิด Browser เพื่อใช้งาน TMS Web" line="7">
<kw name="เปิด Browser เพื่อใช้งาน TMS Web">
<kw name="Open Browser" library="SeleniumLibrary">
<arg>https://tms-dev-web.logisboysolutions.com/</arg>
<arg>browser=gc</arg>
<arg>options=add_experimental_option("detach", True)</arg>
<doc>Opens a new browser instance to the optional ``url``.</doc>
<msg timestamp="20230410 17:32:04.210" level="INFO">Opening browser 'gc' to base url 'https://tms-dev-web.logisboysolutions.com/'.</msg>
<status status="PASS" starttime="20230410 17:32:04.210" endtime="20230410 17:32:06.852"/>
</kw>
<kw name="Maximize Browser Window" library="SeleniumLibrary">
<doc>Maximizes current browser window.</doc>
<status status="PASS" starttime="20230410 17:32:06.852" endtime="20230410 17:32:07.014"/>
</kw>
<status status="PASS" starttime="20230410 17:32:04.209" endtime="20230410 17:32:07.015"/>
</kw>
<status status="PASS" starttime="20230410 17:32:04.209" endtime="20230410 17:32:07.015"/>
</test>
<test id="s1-t2" name="ตรวจสอบการเพิ่มข้อมูลโครงการรถสำเร็จ" line="9">
<kw name="คลิกเข้าเมณู &quot;โครงการรถ&quot;">
<kw name="Wait Until Page Contains" library="SeleniumLibrary">
<arg>โครงการรถ</arg>
<doc>Waits until ``text`` appears on the current page.</doc>
<status status="PASS" starttime="20230410 17:32:07.017" endtime="20230410 17:32:07.031"/>
</kw>
<kw name="Click Element" library="SeleniumLibrary">
<arg>xpath=//*[@id="app"]/div/div/div/nav/div/div/ul/li[1]/a</arg>
<doc>Click the element identified by ``locator``.</doc>
<msg timestamp="20230410 17:32:07.031" level="INFO">Clicking element 'xpath=//*[@id="app"]/div/div/div/nav/div/div/ul/li[1]/a'.</msg>
<status status="PASS" starttime="20230410 17:32:07.031" endtime="20230410 17:32:07.219"/>
</kw>
<status status="PASS" starttime="20230410 17:32:07.017" endtime="20230410 17:32:07.219"/>
</kw>
<kw name="คลิกปุ่ม &quot;เพิ่ม&quot;">
<kw name="Wait Until Page Contains" library="SeleniumLibrary">
<arg>ชื่อโครงการรถ</arg>
<doc>Waits until ``text`` appears on the current page.</doc>
<status status="PASS" starttime="20230410 17:32:07.220" endtime="20230410 17:32:07.489"/>
</kw>
<kw name="Wait Until Element Is Enabled" library="SeleniumLibrary">
<arg>xpath=//*[@id="app"]/div/div/div/main/div/div/div[2]/div[2]/div[1]/button</arg>
<doc>Waits until the element ``locator`` is enabled.</doc>
<status status="PASS" starttime="20230410 17:32:07.489" endtime="20230410 17:32:07.536"/>
</kw>
<kw name="Click Element" library="SeleniumLibrary">
<arg>xpath=//*[@id="app"]/div/div/div/main/div/div/div[2]/div[2]/div[1]/button</arg>
<doc>Click the element identified by ``locator``.</doc>
<msg timestamp="20230410 17:32:07.536" level="INFO">Clicking element 'xpath=//*[@id="app"]/div/div/div/main/div/div/div[2]/div[2]/div[1]/button'.</msg>
<status status="PASS" starttime="20230410 17:32:07.536" endtime="20230410 17:32:07.584"/>
</kw>
<status status="PASS" starttime="20230410 17:32:07.219" endtime="20230410 17:32:07.586"/>
</kw>
<kw name="กรอกข้อมูล">
<kw name="Wait Until Page Contains" library="SeleniumLibrary">
<arg>ชื่อโครงการรถ &gt; เพิ่ม</arg>
<doc>Waits until ``text`` appears on the current page.</doc>
<status status="PASS" starttime="20230410 17:32:07.594" endtime="20230410 17:32:07.822"/>
</kw>
<kw name="Page Should Contain Textfield" library="SeleniumLibrary">
<arg>class=v-field__input</arg>
<doc>Verifies text field ``locator`` is found from current page.</doc>
<msg timestamp="20230410 17:32:07.847" level="INFO">Current page contains text field 'class=v-field__input'.</msg>
<status status="PASS" starttime="20230410 17:32:07.822" endtime="20230410 17:32:07.848"/>
</kw>
<kw name="Input Text" library="SeleniumLibrary">
<arg>class=v-field__input</arg>
<arg>โครงการRobot123</arg>
<doc>Types the given ``text`` into the text field identified by ``locator``.</doc>
<msg timestamp="20230410 17:32:07.848" level="INFO">Typing text 'โครงการRobot123' into text field 'class=v-field__input'.</msg>
<status status="PASS" starttime="20230410 17:32:07.848" endtime="20230410 17:32:08.023"/>
</kw>
<status status="PASS" starttime="20230410 17:32:07.592" endtime="20230410 17:32:08.023"/>
</kw>
<kw name="คลิกปุ่ม &quot;บันทึก&quot;">
<kw name="Click Element" library="SeleniumLibrary">
<arg>xpath=//*[@id="app"]/div/div/div/main/div/div/div[2]/form/div[1]/div/span[2]/button/span[3]</arg>
<doc>Click the element identified by ``locator``.</doc>
<msg timestamp="20230410 17:32:08.024" level="INFO">Clicking element 'xpath=//*[@id="app"]/div/div/div/main/div/div/div[2]/form/div[1]/div/span[2]/button/span[3]'.</msg>
<status status="PASS" starttime="20230410 17:32:08.023" endtime="20230410 17:32:08.077"/>
</kw>
<status status="PASS" starttime="20230410 17:32:08.023" endtime="20230410 17:32:08.078"/>
</kw>
<kw name="ยืนยันบันทึกข้อมูล">
<kw name="Wait Until Page Contains" library="SeleniumLibrary">
<arg>คุณต้องการบันทึกข้อมูลใช่หรือไม่ ?</arg>
<doc>Waits until ``text`` appears on the current page.</doc>
<status status="PASS" starttime="20230410 17:32:08.078" endtime="20230410 17:32:08.089"/>
</kw>
<kw name="Click Element" library="SeleniumLibrary">
<arg>xpath=/html/body/div[3]/div/div[6]/button[1]</arg>
<doc>Click the element identified by ``locator``.</doc>
<msg timestamp="20230410 17:32:08.089" level="INFO">Clicking element 'xpath=/html/body/div[3]/div/div[6]/button[1]'.</msg>
<status status="PASS" starttime="20230410 17:32:08.089" endtime="20230410 17:32:08.146"/>
</kw>
<status status="PASS" starttime="20230410 17:32:08.078" endtime="20230410 17:32:08.146"/>
</kw>
<kw name="ตรวจสอบข้อมูลบันทึกสำเร็จ">
<kw name="Wait Until Page Contains" library="SeleniumLibrary">
<arg>บันทึกข้อมูลสำเร็จ</arg>
<doc>Waits until ``text`` appears on the current page.</doc>
<status status="PASS" starttime="20230410 17:32:08.147" endtime="20230410 17:32:08.368"/>
</kw>
<status status="PASS" starttime="20230410 17:32:08.146" endtime="20230410 17:32:08.368"/>
</kw>
<kw name="คลิกปุ่ม &quot;ตกลง&quot;">
<kw name="Click Element" library="SeleniumLibrary">
<arg>xpath=/html/body/div[3]/div/div[6]/button[1]</arg>
<doc>Click the element identified by ``locator``.</doc>
<msg timestamp="20230410 17:32:08.369" level="INFO">Clicking element 'xpath=/html/body/div[3]/div/div[6]/button[1]'.</msg>
<status status="PASS" starttime="20230410 17:32:08.369" endtime="20230410 17:32:08.408"/>
</kw>
<status status="PASS" starttime="20230410 17:32:08.368" endtime="20230410 17:32:08.408"/>
</kw>
<status status="PASS" starttime="20230410 17:32:07.016" endtime="20230410 17:32:08.409"/>
</test>
<test id="s1-t3" name="ตรวจสอบการเพิ่มข้อมูล โครงการรถไม่สำเร็จกรณี กรอกข้อมูลไม่ครบถ้วน" line="17">
<kw name="คลิกปุ่ม &quot;เพิ่ม&quot;">
<kw name="Wait Until Page Contains" library="SeleniumLibrary">
<arg>ชื่อโครงการรถ</arg>
<doc>Waits until ``text`` appears on the current page.</doc>
<status status="PASS" starttime="20230410 17:32:08.411" endtime="20230410 17:32:08.418"/>
</kw>
<kw name="Wait Until Element Is Enabled" library="SeleniumLibrary">
<arg>xpath=//*[@id="app"]/div/div/div/main/div/div/div[2]/div[2]/div[1]/button</arg>
<doc>Waits until the element ``locator`` is enabled.</doc>
<status status="PASS" starttime="20230410 17:32:08.418" endtime="20230410 17:32:08.441"/>
</kw>
<kw name="Click Element" library="SeleniumLibrary">
<arg>xpath=//*[@id="app"]/div/div/div/main/div/div/div[2]/div[2]/div[1]/button</arg>
<doc>Click the element identified by ``locator``.</doc>
<msg timestamp="20230410 17:32:08.442" level="INFO">Clicking element 'xpath=//*[@id="app"]/div/div/div/main/div/div/div[2]/div[2]/div[1]/button'.</msg>
<status status="PASS" starttime="20230410 17:32:08.442" endtime="20230410 17:32:08.663"/>
</kw>
<status status="PASS" starttime="20230410 17:32:08.411" endtime="20230410 17:32:08.663"/>
</kw>
<kw name="คลิกปุ่ม &quot;บันทึก&quot;">
<kw name="Click Element" library="SeleniumLibrary">
<arg>xpath=//*[@id="app"]/div/div/div/main/div/div/div[2]/form/div[1]/div/span[2]/button/span[3]</arg>
<doc>Click the element identified by ``locator``.</doc>
<msg timestamp="20230410 17:32:08.664" level="INFO">Clicking element 'xpath=//*[@id="app"]/div/div/div/main/div/div/div[2]/form/div[1]/div/span[2]/button/span[3]'.</msg>
<status status="PASS" starttime="20230410 17:32:08.663" endtime="20230410 17:32:08.705"/>
</kw>
<status status="PASS" starttime="20230410 17:32:08.663" endtime="20230410 17:32:08.705"/>
</kw>
<kw name="ตรวจสอบข้อมูลแสดงผลไม่ครบถ้วน">
<kw name="Wait Until Element Is Enabled" library="SeleniumLibrary">
<arg>id=swal2-title</arg>
<doc>Waits until the element ``locator`` is enabled.</doc>
<status status="PASS" starttime="20230410 17:32:08.706" endtime="20230410 17:32:08.730"/>
</kw>
<kw name="Wait Until Page Contains" library="SeleniumLibrary">
<arg>กรุณากรอกข้อมูลให้ครบถ้วน</arg>
<doc>Waits until ``text`` appears on the current page.</doc>
<status status="PASS" starttime="20230410 17:32:08.730" endtime="20230410 17:32:08.740"/>
</kw>
<kw name="Click Element" library="SeleniumLibrary">
<arg>class=swal2-confirm</arg>
<doc>Click the element identified by ``locator``.</doc>
<msg timestamp="20230410 17:32:08.741" level="INFO">Clicking element 'class=swal2-confirm'.</msg>
<status status="PASS" starttime="20230410 17:32:08.741" endtime="20230410 17:32:08.779"/>
</kw>
<status status="PASS" starttime="20230410 17:32:08.706" endtime="20230410 17:32:08.779"/>
</kw>
<kw name="คลิกปุ่มกลับ">
<kw name="Wait Until Element Is Not Visible" library="SeleniumLibrary">
<arg>id=swal2-title</arg>
<doc>Waits until the element ``locator`` is not visible.</doc>
<status status="PASS" starttime="20230410 17:32:08.780" endtime="20230410 17:32:09.009"/>
</kw>
<kw name="Click Element" library="SeleniumLibrary">
<arg>Class=v-btn__content</arg>
<doc>Click the element identified by ``locator``.</doc>
<msg timestamp="20230410 17:32:09.010" level="INFO">Clicking element 'Class=v-btn__content'.</msg>
<status status="PASS" starttime="20230410 17:32:09.009" endtime="20230410 17:32:09.091"/>
</kw>
<status status="PASS" starttime="20230410 17:32:08.780" endtime="20230410 17:32:09.091"/>
</kw>
<status status="PASS" starttime="20230410 17:32:08.409" endtime="20230410 17:32:09.091"/>
</test>
<test id="s1-t4" name="ตรวจสอบการเพิ่มข้อมูลโครงการรถไม่สำเร็จกรณี ชื่อโครงการรถมีอยู่ในระบบแล้ว" line="22">
<kw name="คลิกเข้าเมณู &quot;โครงการรถ&quot;">
<kw name="Wait Until Page Contains" library="SeleniumLibrary">
<arg>โครงการรถ</arg>
<doc>Waits until ``text`` appears on the current page.</doc>
<status status="PASS" starttime="20230410 17:32:09.094" endtime="20230410 17:32:09.103"/>
</kw>
<kw name="Click Element" library="SeleniumLibrary">
<arg>xpath=//*[@id="app"]/div/div/div/nav/div/div/ul/li[1]/a</arg>
<doc>Click the element identified by ``locator``.</doc>
<msg timestamp="20230410 17:32:09.104" level="INFO">Clicking element 'xpath=//*[@id="app"]/div/div/div/nav/div/div/ul/li[1]/a'.</msg>
<status status="PASS" starttime="20230410 17:32:09.103" endtime="20230410 17:32:09.128"/>
</kw>
<status status="PASS" starttime="20230410 17:32:09.094" endtime="20230410 17:32:09.128"/>
</kw>
<kw name="คลิกปุ่ม &quot;เพิ่ม&quot;">
<kw name="Wait Until Page Contains" library="SeleniumLibrary">
<arg>ชื่อโครงการรถ</arg>
<doc>Waits until ``text`` appears on the current page.</doc>
<status status="PASS" starttime="20230410 17:32:09.129" endtime="20230410 17:32:09.225"/>
</kw>
<kw name="Wait Until Element Is Enabled" library="SeleniumLibrary">
<arg>xpath=//*[@id="app"]/div/div/div/main/div/div/div[2]/div[2]/div[1]/button</arg>
<doc>Waits until the element ``locator`` is enabled.</doc>
<status status="PASS" starttime="20230410 17:32:09.225" endtime="20230410 17:32:09.244"/>
</kw>
<kw name="Click Element" library="SeleniumLibrary">
<arg>xpath=//*[@id="app"]/div/div/div/main/div/div/div[2]/div[2]/div[1]/button</arg>
<doc>Click the element identified by ``locator``.</doc>
<msg timestamp="20230410 17:32:09.245" level="INFO">Clicking element 'xpath=//*[@id="app"]/div/div/div/main/div/div/div[2]/div[2]/div[1]/button'.</msg>
<status status="PASS" starttime="20230410 17:32:09.244" endtime="20230410 17:32:09.300"/>
</kw>
<status status="PASS" starttime="20230410 17:32:09.129" endtime="20230410 17:32:09.300"/>
</kw>
<kw name="กรอกข้อมูล ชื่อโครงการรถซ้ำ">
<kw name="Wait Until Page Contains" library="SeleniumLibrary">
<arg>ชื่อโครงการรถ &gt; เพิ่ม</arg>
<doc>Waits until ``text`` appears on the current page.</doc>
<status status="PASS" starttime="20230410 17:32:09.300" endtime="20230410 17:32:09.310"/>
</kw>
<kw name="Page Should Contain Textfield" library="SeleniumLibrary">
<arg>class=v-field__input</arg>
<doc>Verifies text field ``locator`` is found from current page.</doc>
<msg timestamp="20230410 17:32:09.328" level="INFO">Current page contains text field 'class=v-field__input'.</msg>
<status status="PASS" starttime="20230410 17:32:09.310" endtime="20230410 17:32:09.328"/>
</kw>
<kw name="Input Text" library="SeleniumLibrary">
<arg>class=v-field__input</arg>
<arg>${ชื่อซ้ำ}</arg>
<doc>Types the given ``text`` into the text field identified by ``locator``.</doc>
<msg timestamp="20230410 17:32:09.328" level="INFO">Typing text 'ข้อมูลชื่อซ้ำRobot' into text field 'class=v-field__input'.</msg>
<status status="PASS" starttime="20230410 17:32:09.328" endtime="20230410 17:32:09.442"/>
</kw>
<status status="PASS" starttime="20230410 17:32:09.300" endtime="20230410 17:32:09.442"/>
</kw>
<kw name="คลิกปุ่ม &quot;บันทึก&quot;">
<kw name="Click Element" library="SeleniumLibrary">
<arg>xpath=//*[@id="app"]/div/div/div/main/div/div/div[2]/form/div[1]/div/span[2]/button/span[3]</arg>
<doc>Click the element identified by ``locator``.</doc>
<msg timestamp="20230410 17:32:09.443" level="INFO">Clicking element 'xpath=//*[@id="app"]/div/div/div/main/div/div/div[2]/form/div[1]/div/span[2]/button/span[3]'.</msg>
<status status="PASS" starttime="20230410 17:32:09.443" endtime="20230410 17:32:09.484"/>
</kw>
<status status="PASS" starttime="20230410 17:32:09.443" endtime="20230410 17:32:09.485"/>
</kw>
<kw name="ยืนยันบันทึกข้อมูล">
<kw name="Wait Until Page Contains" library="SeleniumLibrary">
<arg>คุณต้องการบันทึกข้อมูลใช่หรือไม่ ?</arg>
<doc>Waits until ``text`` appears on the current page.</doc>
<status status="PASS" starttime="20230410 17:32:09.485" endtime="20230410 17:32:09.492"/>
</kw>
<kw name="Click Element" library="SeleniumLibrary">
<arg>xpath=/html/body/div[3]/div/div[6]/button[1]</arg>
<doc>Click the element identified by ``locator``.</doc>
<msg timestamp="20230410 17:32:09.493" level="INFO">Clicking element 'xpath=/html/body/div[3]/div/div[6]/button[1]'.</msg>
<status status="PASS" starttime="20230410 17:32:09.492" endtime="20230410 17:32:09.527"/>
</kw>
<status status="PASS" starttime="20230410 17:32:09.485" endtime="20230410 17:32:09.527"/>
</kw>
<kw name="ตรวจสอบข้อมูลแสดงผลชื่อซ้ำ">
<kw name="Wait Until Element Is Enabled" library="SeleniumLibrary">
<arg>id=swal2-title</arg>
<doc>Waits until the element ``locator`` is enabled.</doc>
<status status="PASS" starttime="20230410 17:32:09.527" endtime="20230410 17:32:09.547"/>
</kw>
<kw name="Wait Until Page Contains" library="SeleniumLibrary">
<arg>"${ชื่อซ้ำ}"มีข้อมูลอยู่แล้วในระบบกรุณาตรวจสอบใหม่อีกครั้ง</arg>
<doc>Waits until ``text`` appears on the current page.</doc>
<status status="PASS" starttime="20230410 17:32:09.547" endtime="20230410 17:32:09.765"/>
</kw>
<kw name="Wait Until Element Is Enabled" library="SeleniumLibrary">
<arg>class=swal2-confirm</arg>
<doc>Waits until the element ``locator`` is enabled.</doc>
<status status="PASS" starttime="20230410 17:32:09.765" endtime="20230410 17:32:09.784"/>
</kw>
<kw name="Click Element" library="SeleniumLibrary">
<arg>class=swal2-confirm</arg>
<doc>Click the element identified by ``locator``.</doc>
<msg timestamp="20230410 17:32:09.785" level="INFO">Clicking element 'class=swal2-confirm'.</msg>
<status status="PASS" starttime="20230410 17:32:09.784" endtime="20230410 17:32:09.816"/>
</kw>
<status status="PASS" starttime="20230410 17:32:09.527" endtime="20230410 17:32:09.816"/>
</kw>
<kw name="คลิกปุ่มกลับ">
<kw name="Wait Until Element Is Not Visible" library="SeleniumLibrary">
<arg>id=swal2-title</arg>
<doc>Waits until the element ``locator`` is not visible.</doc>
<status status="PASS" starttime="20230410 17:32:09.816" endtime="20230410 17:32:10.055"/>
</kw>
<kw name="Click Element" library="SeleniumLibrary">
<arg>Class=v-btn__content</arg>
<doc>Click the element identified by ``locator``.</doc>
<msg timestamp="20230410 17:32:10.055" level="INFO">Clicking element 'Class=v-btn__content'.</msg>
<status status="PASS" starttime="20230410 17:32:10.055" endtime="20230410 17:32:10.132"/>
</kw>
<status status="PASS" starttime="20230410 17:32:09.816" endtime="20230410 17:32:10.132"/>
</kw>
<status status="PASS" starttime="20230410 17:32:09.092" endtime="20230410 17:32:10.133"/>
</test>
<test id="s1-t5" name="ตรวจสอบการทำงานปุ่ม กลับ กรณี 'โครงการรถ&gt;เพิ่ม'" line="30">
<kw name="คลิกปุ่ม &quot;เพิ่ม&quot;">
<kw name="Wait Until Page Contains" library="SeleniumLibrary">
<arg>ชื่อโครงการรถ</arg>
<doc>Waits until ``text`` appears on the current page.</doc>
<status status="PASS" starttime="20230410 17:32:10.136" endtime="20230410 17:32:10.147"/>
</kw>
<kw name="Wait Until Element Is Enabled" library="SeleniumLibrary">
<arg>xpath=//*[@id="app"]/div/div/div/main/div/div/div[2]/div[2]/div[1]/button</arg>
<doc>Waits until the element ``locator`` is enabled.</doc>
<status status="PASS" starttime="20230410 17:32:10.147" endtime="20230410 17:32:10.172"/>
</kw>
<kw name="Click Element" library="SeleniumLibrary">
<arg>xpath=//*[@id="app"]/div/div/div/main/div/div/div[2]/div[2]/div[1]/button</arg>
<doc>Click the element identified by ``locator``.</doc>
<msg timestamp="20230410 17:32:10.173" level="INFO">Clicking element 'xpath=//*[@id="app"]/div/div/div/main/div/div/div[2]/div[2]/div[1]/button'.</msg>
<status status="PASS" starttime="20230410 17:32:10.172" endtime="20230410 17:32:10.276"/>
</kw>
<status status="PASS" starttime="20230410 17:32:10.136" endtime="20230410 17:32:10.276"/>
</kw>
<kw name="คลิกปุ่มกลับ">
<kw name="Wait Until Element Is Not Visible" library="SeleniumLibrary">
<arg>id=swal2-title</arg>
<doc>Waits until the element ``locator`` is not visible.</doc>
<status status="PASS" starttime="20230410 17:32:10.277" endtime="20230410 17:32:10.285"/>
</kw>
<kw name="Click Element" library="SeleniumLibrary">
<arg>Class=v-btn__content</arg>
<doc>Click the element identified by ``locator``.</doc>
<msg timestamp="20230410 17:32:10.285" level="INFO">Clicking element 'Class=v-btn__content'.</msg>
<status status="PASS" starttime="20230410 17:32:10.285" endtime="20230410 17:32:10.342"/>
</kw>
<status status="PASS" starttime="20230410 17:32:10.277" endtime="20230410 17:32:10.342"/>
</kw>
<status status="PASS" starttime="20230410 17:32:10.134" endtime="20230410 17:32:10.343"/>
</test>
<test id="s1-t6" name="ตรวจสอบการเปลี่ยนแปลง Status กรณี Active &gt; Inactive" line="34">
<kw name="กรอกข้อมูลค้นหาข้อมูล เปลี่ยนสถานะ">
<msg timestamp="20230410 17:32:10.348" level="FAIL">No keyword with name 'กรอกข้อมูลค้นหาข้อมูล เปลี่ยนสถานะ' found. Did you try using keyword 'กรอกข้อมูล' and forgot to use enough whitespace between keyword and arguments?</msg>
<status status="FAIL" starttime="20230410 17:32:10.348" endtime="20230410 17:32:10.348"/>
</kw>
<kw name="คลิกปุ่มสถานะ เปิดใช้งาน&gt;ปิดใช้งาน">
<status status="NOT RUN" starttime="20230410 17:32:10.351" endtime="20230410 17:32:10.351"/>
</kw>
<kw name="ตรวจสอบข้อมูลแสดงผลสถานะปิดใช้งาน">
<status status="NOT RUN" starttime="20230410 17:32:10.354" endtime="20230410 17:32:10.354"/>
</kw>
<kw name="คลิกปุ่มสถานะ ปิดใช้งาน&gt;เปิดใช้งาน">
<status status="NOT RUN" starttime="20230410 17:32:10.357" endtime="20230410 17:32:10.357"/>
</kw>
<kw name="ตรวจสอบข้อมูลแสดงผลสถานะเปิดใช้งาน">
<status status="NOT RUN" starttime="20230410 17:32:10.359" endtime="20230410 17:32:10.359"/>
</kw>
<status status="FAIL" starttime="20230410 17:32:10.345" endtime="20230410 17:32:10.360">No keyword with name 'กรอกข้อมูลค้นหาข้อมูล เปลี่ยนสถานะ' found. Did you try using keyword 'กรอกข้อมูล' and forgot to use enough whitespace between keyword and arguments?</status>
</test>
<status status="FAIL" starttime="20230410 17:32:04.078" endtime="20230410 17:32:10.362"/>
</suite>
<statistics>
<total>
<stat pass="5" fail="1" skip="0">All Tests</stat>
</total>
<tag>
</tag>
<suite>
<stat pass="5" fail="1" skip="0" id="s1" name="TMS">TMS</stat>
</suite>
</statistics>
<errors>
</errors>
</robot>
